#
# An unexpected error has been detected by Java Runtime Environment:
#
# java.lang.OutOfMemoryError: requested 304 bytes for CHeapObj-new. Out of swap space?
#
#  Internal Error (allocation.inline.hpp:42), pid=5286, tid=1101527376
#  Error: CHeapObj-new
#
# Java VM: OpenJDK 64-Bit Server VM (1.6.0-b09 mixed mode linux-amd64)
# If you would like to submit a bug report, please visit:
#   http://icedtea.classpath.org/bugzilla
#

---------------  T H R E A D  ---------------

Current thread (0x000000000068b000):  JavaThread "Finalizer" daemon [_thread_in_vm, id=5294, stack(0x000000004197f000,0x0000000041a80000)]

Stack: [0x000000004197f000,0x0000000041a80000],  sp=0x0000000041a7e210,  free space=1020k
Native frames: (J=compiled Java code, j=interpreted, Vv=VM code, C=native code)
V  [libjvm.so+0x5d148f]
V  [libjvm.so+0x5d17f1]
V  [libjvm.so+0x27e969]
V  [libjvm.so+0x1aae7b]
V  [libjvm.so+0x38a3da]
V  [libjvm.so+0x344a05]
V  [libjvm.so+0x344d1c]
V  [libjvm.so+0x344118]
V  [libjvm.so+0x34df8e]
V  [libjvm.so+0x353c42]
v  ~BufferBlob::Interpreter
v  ~BufferBlob::Interpreter
v  ~BufferBlob::Interpreter
v  ~BufferBlob::Interpreter
v  ~BufferBlob::StubRoutines (1)
V  [libjvm.so+0x344e74]
V  [libjvm.so+0x344118]
V  [libjvm.so+0x3445dc]
V  [libjvm.so+0x34474b]
V  [libjvm.so+0x399f2b]
V  [libjvm.so+0x59d2ad]
V  [libjvm.so+0x4ae580]

Java frames: (J=compiled Java code, j=interpreted, Vv=VM code)
v  ~BufferBlob::Interpreter
v  ~BufferBlob::Interpreter
v  ~BufferBlob::Interpreter
v  ~BufferBlob::Interpreter
v  ~BufferBlob::StubRoutines (1)

---------------  P R O C E S S  ---------------

Java Threads: ( => current thread )
  0x00007ffed8003800 JavaThread "Low Memory Detector" daemon [_thread_blocked, id=5298, stack(0x000000004071a000,0x000000004081b000)]
  0x00007ffed8000c00 JavaThread "CompilerThread1" daemon [_thread_in_native, id=5297, stack(0x000000004162f000,0x0000000041730000)]
  0x00000000006b6000 JavaThread "CompilerThread0" daemon [_thread_in_native, id=5296, stack(0x00000000401ad000,0x00000000402ae000)]
  0x00000000006b4800 JavaThread "Signal Dispatcher" daemon [_thread_blocked, id=5295, stack(0x00000000403fd000,0x00000000404fe000)]
=>0x000000000068b000 JavaThread "Finalizer" daemon [_thread_in_vm, id=5294, stack(0x000000004197f000,0x0000000041a80000)]
  0x0000000000684400 JavaThread "Reference Handler" daemon [_thread_blocked, id=5293, stack(0x000000004088d000,0x000000004098e000)]
  0x0000000000611c00 JavaThread "main" [_thread_in_native, id=5287, stack(0x0000000040052000,0x0000000040153000)]

Other Threads:
  0x000000000067f000 VMThread [stack: 0x0000000040619000,0x000000004071a000] [id=5292]
  0x00007ffed8005800 WatcherThread [stack: 0x0000000041a80000,0x0000000041b81000] [id=5299]

VM state:not at safepoint (normal execution)

VM Mutex/Monitor currently owned by a thread:  ([mutex/lock_event])
[0x000000000060f190/0x000000000060f1c0] JNIHandleBlockFreeList_lock - owner thread: 0x000000000068b000

Heap
 PSYoungGen      total 6656K, used 1923K [0x00007fff0c3c0000, 0x00007fff0cac0000, 0x00007fff21910000)
  eden space 6144K, 23% used [0x00007fff0c3c0000,0x00007fff0c528e60,0x00007fff0c9c0000)
  from space 512K, 93% used [0x00007fff0ca40000,0x00007fff0cab8018,0x00007fff0cac0000)
  to   space 512K, 0% used [0x00007fff0c9c0000,0x00007fff0c9c0000,0x00007fff0ca40000)
 PSOldGen        total 5504K, used 724K [0x00007ffee1910000, 0x00007ffee1e70000, 0x00007fff0c3c0000)
  object space 5504K, 13% used [0x00007ffee1910000,0x00007ffee19c53e0,0x00007ffee1e70000)
 PSPermGen       total 21248K, used 6877K [0x00007ffedc510000, 0x00007ffedd9d0000, 0x00007ffee1910000)
  object space 21248K, 32% used [0x00007ffedc510000,0x00007ffedcbc75d0,0x00007ffedd9d0000)

Dynamic libraries:
00400000-00409000 r-xp 00000000 08:02 409391                             /usr/lib64/jvm/java-1.6.0-openjdk-1.2_b09/bin/javac
00608000-00609000 r--p 00008000 08:02 409391                             /usr/lib64/jvm/java-1.6.0-openjdk-1.2_b09/bin/javac
00609000-0060a000 rw-p 00009000 08:02 409391                             /usr/lib64/jvm/java-1.6.0-openjdk-1.2_b09/bin/javac
0060a000-00c96000 rw-p 0060a000 00:00 0                                  [heap]
40052000-40055000 ---p 40052000 00:00 0 
40055000-40153000 rw-p 40055000 00:00 0 
401ad000-401b0000 ---p 401ad000 00:00 0 
401b0000-402ae000 rw-p 401b0000 00:00 0 
403fd000-40400000 ---p 403fd000 00:00 0 
40400000-404fe000 rw-p 40400000 00:00 0 
40518000-40519000 ---p 40518000 00:00 0 
40519000-40619000 rw-p 40519000 00:00 0 
40619000-4061a000 ---p 40619000 00:00 0 
4061a000-4071a000 rw-p 4061a000 00:00 0 
4071a000-4071d000 ---p 4071a000 00:00 0 
4071d000-4081b000 rw-p 4071d000 00:00 0 
4088d000-40890000 ---p 4088d000 00:00 0 
40890000-4098e000 rw-p 40890000 00:00 0 
41271000-41272000 ---p 41271000 00:00 0 
41272000-41372000 rw-p 41272000 00:00 0 
414d0000-414d1000 ---p 414d0000 00:00 0 
414d1000-415d1000 rw-p 414d1000 00:00 0 
4162f000-41632000 ---p 4162f000 00:00 0 
41632000-41730000 rw-p 41632000 00:00 0 
4183d000-4183e000 ---p 4183d000 00:00 0 
4183e000-4193e000 rw-p 4183e000 00:00 0 
4197f000-41982000 ---p 4197f000 00:00 0 
41982000-41a80000 rw-p 41982000 00:00 0 
41a80000-41a81000 ---p 41a80000 00:00 0 
41a81000-41b81000 rw-p 41a81000 00:00 0 
7ffed7d0c000-7ffed7e75000 rw-p 7ffed7d0c000 00:00 0 
7ffed7e75000-7ffed8000000 r--s 0334e000 08:02 248180                     /usr/lib64/jvm/java-1.6.0-openjdk-1.2_b09/jre/lib/rt.jar
7ffed8000000-7ffed8378000 rw-p 7ffed8000000 00:00 0 
7ffed8378000-7ffedc000000 ---p 7ffed8378000 00:00 0 
7ffedc0a4000-7ffedc100000 r--s 00b4b000 08:02 426994                     /usr/lib64/jvm/java-1.6.0-openjdk-1.2_b09/lib/tools.jar
7ffedc100000-7ffedc107000 r--s 00000000 08:02 175605                     /usr/lib64/gconv/gconv-modules.cache
7ffedc107000-7ffedc146000 r--p 00000000 08:02 164471                     /usr/lib/locale/en_US.utf8/LC_CTYPE
7ffedc146000-7ffedc18f000 rw-p 7ffedc146000 00:00 0 
7ffedc18f000-7fff21910000 rwxp 7ffedc18f000 00:00 0 
7fff21914000-7fff24914000 rwxp 7fff21914000 00:00 0 
7fff24914000-7fff2491b000 r-xp 00000000 08:02 248128                     /usr/lib64/jvm/java-1.6.0-openjdk-1.2_b09/jre/lib/amd64/libzip.so
7fff2491b000-7fff24b1a000 ---p 00007000 08:02 248128                     /usr/lib64/jvm/java-1.6.0-openjdk-1.2_b09/jre/lib/amd64/libzip.so
7fff24b1a000-7fff24b1b000 r--p 00006000 08:02 248128                     /usr/lib64/jvm/java-1.6.0-openjdk-1.2_b09/jre/lib/amd64/libzip.so
7fff24b1b000-7fff24b1c000 rw-p 00007000 08:02 248128                     /usr/lib64/jvm/java-1.6.0-openjdk-1.2_b09/jre/lib/amd64/libzip.so
7fff24b1c000-7fff24b49000 r-xp 00000000 08:02 248108                     /usr/lib64/jvm/java-1.6.0-openjdk-1.2_b09/jre/lib/amd64/libjava.so
7fff24b49000-7fff24d49000 ---p 0002d000 08:02 248108                     /usr/lib64/jvm/java-1.6.0-openjdk-1.2_b09/jre/lib/amd64/libjava.so
7fff24d49000-7fff24d4a000 r--p 0002d000 08:02 248108                     /usr/lib64/jvm/java-1.6.0-openjdk-1.2_b09/jre/lib/amd64/libjava.so
7fff24d4a000-7fff24d4d000 rw-p 0002e000 08:02 248108                     /usr/lib64/jvm/java-1.6.0-openjdk-1.2_b09/jre/lib/amd64/libjava.so
7fff24d4d000-7fff24d5c000 r-xp 00000000 08:02 248127                     /usr/lib64/jvm/java-1.6.0-openjdk-1.2_b09/jre/lib/amd64/libverify.so
7fff24d5c000-7fff24f5b000 ---p 0000f000 08:02 248127                     /usr/lib64/jvm/java-1.6.0-openjdk-1.2_b09/jre/lib/amd64/libverify.so
7fff24f5b000-7fff24f5d000 r--p 0000e000 08:02 248127                     /usr/lib64/jvm/java-1.6.0-openjdk-1.2_b09/jre/lib/amd64/libverify.so
7fff24f5d000-7fff24f5e000 rw-p 00010000 08:02 248127                     /usr/lib64/jvm/java-1.6.0-openjdk-1.2_b09/jre/lib/amd64/libverify.so
7fff24f5e000-7fff24f73000 r-xp 00000000 08:02 439087                     /lib64/libnsl-2.8.so
7fff24f73000-7fff25172000 ---p 00015000 08:02 439087                     /lib64/libnsl-2.8.so
7fff25172000-7fff25173000 r--p 00014000 08:02 439087                     /lib64/libnsl-2.8.so
7fff25173000-7fff25174000 rw-p 00015000 08:02 439087                     /lib64/libnsl-2.8.so
7fff25174000-7fff25176000 rw-p 7fff25174000 00:00 0 
7fff25176000-7fff2517e000 r-xp 00000000 08:02 248130                     /usr/lib64/jvm/java-1.6.0-openjdk-1.2_b09/jre/lib/amd64/native_threads/libhpi.so
7fff2517e000-7fff2537d000 ---p 00008000 08:02 248130                     /usr/lib64/jvm/java-1.6.0-openjdk-1.2_b09/jre/lib/amd64/native_threads/libhpi.so
7fff2537d000-7fff2537e000 r--p 00007000 08:02 248130                     /usr/lib64/jvm/java-1.6.0-openjdk-1.2_b09/jre/lib/amd64/native_threads/libhpi.so
7fff2537e000-7fff2537f000 rw-p 00008000 08:02 248130                     /usr/lib64/jvm/java-1.6.0-openjdk-1.2_b09/jre/lib/amd64/native_threads/libhpi.so
7fff2537f000-7fff25387000 r-xp 00000000 08:02 438928                     /lib64/librt-2.8.so
7fff25387000-7fff25586000 ---p 00008000 08:02 438928                     /lib64/librt-2.8.so
7fff25586000-7fff25587000 r--p 00007000 08:02 438928                     /lib64/librt-2.8.so
7fff25587000-7fff25588000 rw-p 00008000 08:02 438928                     /lib64/librt-2.8.so
7fff25588000-7fff255dd000 r-xp 00000000 08:02 438974                     /lib64/libm-2.8.so
7fff255dd000-7fff257dc000 ---p 00055000 08:02 438974                     /lib64/libm-2.8.so
7fff257dc000-7fff257dd000 r--p 00054000 08:02 438974                     /lib64/libm-2.8.so
7fff257dd000-7fff257de000 rw-p 00055000 08:02 438974                     /lib64/libm-2.8.so
7fff257de000-7fff25ed6000 r-xp 00000000 08:02 248134                     /usr/lib64/jvm/java-1.6.0-openjdk-1.2_b09/jre/lib/amd64/server/libjvm.so
7fff25ed6000-7fff260d5000 ---p 006f8000 08:02 248134                     /usr/lib64/jvm/java-1.6.0-openjdk-1.2_b09/jre/lib/amd64/server/libjvm.so
7fff260d5000-7fff26135000 r--p 006f7000 08:02 248134                     /usr/lib64/jvm/java-1.6.0-openjdk-1.2_b09/jre/lib/amd64/server/libjvm.so
7fff26135000-7fff2614d000 rw-p 00757000 08:02 248134                     /usr/lib64/jvm/java-1.6.0-openjdk-1.2_b09/jre/lib/amd64/server/libjvm.so
7fff2614d000-7fff26187000 rw-p 7fff2614d000 00:00 0 
7fff26187000-7fff262d6000 r-xp 00000000 08:02 438964                     /lib64/libc-2.8.so
7fff262d6000-7fff264d6000 ---p 0014f000 08:02 438964                     /lib64/libc-2.8.so
7fff264d6000-7fff264da000 r--p 0014f000 08:02 438964                     /lib64/libc-2.8.so
7fff264da000-7fff264db000 rw-p 00153000 08:02 438964                     /lib64/libc-2.8.so
7fff264db000-7fff264e0000 rw-p 7fff264db000 00:00 0 
7fff264e0000-7fff264e2000 r-xp 00000000 08:02 438970                     /lib64/libdl-2.8.so
7fff264e2000-7fff266e2000 ---p 00002000 08:02 438970                     /lib64/libdl-2.8.so
7fff266e2000-7fff266e3000 r--p 00002000 08:02 438970                     /lib64/libdl-2.8.so
7fff266e3000-7fff266e4000 rw-p 00003000 08:02 438970                     /lib64/libdl-2.8.so
7fff266e4000-7fff266e8000 r-xp 00000000 08:02 248096                     /usr/lib64/jvm/java-1.6.0-openjdk-1.2_b09/jre/lib/amd64/jli/libjli.so
7fff266e8000-7fff268e7000 ---p 00004000 08:02 248096                     /usr/lib64/jvm/java-1.6.0-openjdk-1.2_b09/jre/lib/amd64/jli/libjli.so
7fff268e7000-7fff268e8000 r--p 00003000 08:02 248096                     /usr/lib64/jvm/java-1.6.0-openjdk-1.2_b09/jre/lib/amd64/jli/libjli.so
7fff268e8000-7fff268e9000 rw-p 00004000 08:02 248096                     /usr/lib64/jvm/java-1.6.0-openjdk-1.2_b09/jre/lib/amd64/jli/libjli.so
7fff268e9000-7fff268ff000 r-xp 00000000 08:02 439022                     /lib64/libpthread-2.8.so
7fff268ff000-7fff26aff000 ---p 00016000 08:02 439022                     /lib64/libpthread-2.8.so
7fff26aff000-7fff26b00000 r--p 00016000 08:02 439022                     /lib64/libpthread-2.8.so
7fff26b00000-7fff26b01000 rw-p 00017000 08:02 439022                     /lib64/libpthread-2.8.so
7fff26b01000-7fff26b05000 rw-p 7fff26b01000 00:00 0 
7fff26b05000-7fff26b1a000 r-xp 00000000 08:02 439099                     /lib64/libz.so.1.2.3
7fff26b1a000-7fff26d19000 ---p 00015000 08:02 439099                     /lib64/libz.so.1.2.3
7fff26d19000-7fff26d1a000 r--p 00014000 08:02 439099                     /lib64/libz.so.1.2.3
7fff26d1a000-7fff26d1b000 rw-p 00015000 08:02 439099                     /lib64/libz.so.1.2.3
7fff26d1b000-7fff26d38000 r-xp 00000000 08:02 439166                     /lib64/ld-2.8.so
7fff26d40000-7fff26df6000 rw-p 7fff26d40000 00:00 0 
7fff26df6000-7fff26ee0000 rwxp 7fff26df6000 00:00 0 
7fff26ee0000-7fff26f15000 r--s 00000000 08:02 49873                      /var/run/nscd/passwd
7fff26f15000-7fff26f19000 rw-p 7fff26f15000 00:00 0 
7fff26f1f000-7fff26f23000 r--s 00079000 08:02 248171                     /usr/lib64/jvm/java-1.6.0-openjdk-1.2_b09/jre/lib/jsse.jar
7fff26f23000-7fff26f2c000 r--s 00065000 08:02 248151                     /usr/lib64/jvm/java-1.6.0-openjdk-1.2_b09/jre/lib/ext/gnome-java-bridge.jar
7fff26f2c000-7fff26f34000 rw-s 00000000 08:02 33220                      /tmp/hsperfdata_rawlingsm08/5286
7fff26f34000-7fff26f35000 rwxp 7fff26f34000 00:00 0 
7fff26f35000-7fff26f36000 r--p 7fff26f35000 00:00 0 
7fff26f36000-7fff26f38000 rw-p 7fff26f36000 00:00 0 
7fff26f38000-7fff26f39000 r--p 0001d000 08:02 439166                     /lib64/ld-2.8.so
7fff26f39000-7fff26f3a000 rw-p 0001e000 08:02 439166                     /lib64/ld-2.8.so
7fffc8563000-7fffc8578000 rw-p 7ffffffea000 00:00 0                      [stack]
7fffc85fe000-7fffc8600000 r-xp 7fffc85fe000 00:00 0                      [vdso]
ffffffffff600000-ffffffffff601000 r-xp 00000000 00:00 0                  [vsyscall]

VM Arguments:
jvm_args: -Dapplication.home=/usr/lib64/jvm/java-1.6.0-openjdk-1.2_b09 -Xms8m 
java_command: com.sun.tools.javac.Main WordCount.java
Launcher Type: SUN_STANDARD

Environment Variables:
JAVA_HOME=/usr/lib64/jvm/java
JRE_HOME=/usr/lib64/jvm/java/jre
PATH=/home/INTRA/rawlingsm08/bin:/usr/local/bin:/usr/bin:/bin:/usr/bin/X11:/usr/X11R6/bin:/usr/games:/usr/lib/mit/bin:/usr/lib/mit/sbin:/usr/NX/bin
LD_LIBRARY_PATH=/usr/lib64/jvm/java-1.6.0-openjdk-1.2_b09/jre/lib/amd64/server:/usr/lib64/jvm/java-1.6.0-openjdk-1.2_b09/jre/lib/amd64:/usr/lib64/jvm/java-1.6.0-openjdk-1.2_b09/jre/../lib/amd64
SHELL=/bin/bash
DISPLAY=:1016.0
HOSTTYPE=x86_64
OSTYPE=linux
MACHTYPE=x86_64-suse-linux

Signal Handlers:
SIGSEGV: [libjvm.so+0x5d2130], sa_mask[0]=0x7ffbfeff, sa_flags=0x10000004
SIGBUS: [libjvm.so+0x5d2130], sa_mask[0]=0x7ffbfeff, sa_flags=0x10000004
SIGFPE: [libjvm.so+0x4ab4f0], sa_mask[0]=0x7ffbfeff, sa_flags=0x10000004
SIGPIPE: [libjvm.so+0x4ab4f0], sa_mask[0]=0x7ffbfeff, sa_flags=0x10000004
SIGXFSZ: [libjvm.so+0x4ab4f0], sa_mask[0]=0x7ffbfeff, sa_flags=0x10000004
SIGILL: [libjvm.so+0x4ab4f0], sa_mask[0]=0x7ffbfeff, sa_flags=0x10000004
SIGUSR1: SIG_DFL, sa_mask[0]=0x00000000, sa_flags=0x00000000
SIGUSR2: [libjvm.so+0x4aaea0], sa_mask[0]=0x00000000, sa_flags=0x10000004
SIGHUP: [libjvm.so+0x4ad040], sa_mask[0]=0x7ffbfeff, sa_flags=0x10000004
SIGINT: [libjvm.so+0x4ad040], sa_mask[0]=0x7ffbfeff, sa_flags=0x10000004
SIGTERM: [libjvm.so+0x4ad040], sa_mask[0]=0x7ffbfeff, sa_flags=0x10000004
SIGQUIT: [libjvm.so+0x4ad040], sa_mask[0]=0x7ffbfeff, sa_flags=0x10000004


---------------  S Y S T E M  ---------------

OS:openSUSE 11.0 (X86-64)
VERSION = 11.0

uname:Linux 2.6.25.20-0.7-default #1 SMP 2010-02-26 20:32:57 +0100 x86_64
libc:glibc 2.8 NPTL 2.8 
rlimit: STACK 8192k, CORE infinity, NPROC 200, NOFILE 8192, AS 1433600k
load average:0.34 1.23 1.52

CPU:total 4 (1 cores per cpu, 1 threads per core) family 16 model 8 stepping 0, cmov, cx8, fxsr, mmx, sse, sse2, sse3, mmxext, 3dnow, 3dnowext, sse4a

Memory: 4k page, physical 20350620k(2107352k free), swap 1542200k(1542152k free)

vm_info: OpenJDK 64-Bit Server VM (1.6.0-b09) for linux-amd64 JRE (1.6.0-b09), built on Jun  7 2008 08:55:27 by "abuild" with gcc 4.3.1 20080507 (prerelease) [gcc-4_3-branch revision 135036]

time: Wed Nov 30 12:49:56 2011
elapsed time: 0 seconds

