#
# An unexpected error has been detected by Java Runtime Environment:
#
# java.lang.OutOfMemoryError: requested 48 bytes for CHeapObj-new. Out of swap space?
#
#  Internal Error (allocation.inline.hpp:42), pid=6242, tid=1104267600
#  Error: CHeapObj-new
#
# Java VM: OpenJDK 64-Bit Server VM (1.6.0-b09 mixed mode linux-amd64)
# If you would like to submit a bug report, please visit:
#   http://icedtea.classpath.org/bugzilla
#

---------------  T H R E A D  ---------------

Current thread (0x000000000061e800):  GCTaskThread [stack: 0x0000000041c1c000,0x0000000041d1d000] [id=6246]

Stack: [0x0000000041c1c000,0x0000000041d1d000],  sp=0x0000000041d1b7a0,  free space=1021k
Native frames: (J=compiled Java code, j=interpreted, Vv=VM code, C=native code)
V  [libjvm.so+0x5d148f]
V  [libjvm.so+0x5d17f1]
V  [libjvm.so+0x27e969]
V  [libjvm.so+0x1aae7b]
V  [libjvm.so+0x307bd2]
V  [libjvm.so+0x2cff77]
V  [libjvm.so+0x59989b]
V  [libjvm.so+0x4f7a66]
V  [libjvm.so+0x2d5e80]
V  [libjvm.so+0x4ae580]


---------------  P R O C E S S  ---------------

Java Threads: ( => current thread )
  0x00007f2088003800 JavaThread "Low Memory Detector" daemon [_thread_blocked, id=6254, stack(0x0000000040b04000,0x0000000040c05000)]
  0x00007f2088000c00 JavaThread "CompilerThread1" daemon [_thread_in_native, id=6253, stack(0x0000000042240000,0x0000000042341000)]
  0x00000000006b6000 JavaThread "CompilerThread0" daemon [_thread_in_native, id=6252, stack(0x0000000040438000,0x0000000040539000)]
  0x00000000006b4800 JavaThread "Signal Dispatcher" daemon [_thread_blocked, id=6251, stack(0x0000000040ffd000,0x00000000410fe000)]
  0x000000000068b000 JavaThread "Finalizer" daemon [_thread_blocked, id=6250, stack(0x00000000409e6000,0x0000000040ae7000)]
  0x0000000000684400 JavaThread "Reference Handler" daemon [_thread_blocked, id=6249, stack(0x000000004213f000,0x0000000042240000)]
  0x0000000000611c00 JavaThread "main" [_thread_blocked, id=6243, stack(0x0000000041def000,0x0000000041ef0000)]

Other Threads:
  0x000000000067f000 VMThread [stack: 0x000000004203e000,0x000000004213f000] [id=6248]
  0x00007f2088005800 WatcherThread [stack: 0x0000000040c61000,0x0000000040d62000] [id=6255]

=>0x000000000061e800 (exited) GCTaskThread [stack: 0x0000000041c1c000,0x0000000041d1d000] [id=6246]

VM state:at safepoint (normal execution)

VM Mutex/Monitor currently owned by a thread:  ([mutex/lock_event])
[0x000000000060e910/0x000000000060e940] OopMapCacheAlloc_lock - owner thread: 0x000000000061e800
[0x000000000060fc80/0x000000000060fcd0] Threads_lock - owner thread: 0x000000000067f000
[0x0000000000610560/0x0000000000610590] Heap_lock - owner thread: 0x0000000000611c00

Heap
 PSYoungGen      total 3584K, used 2964K [0x00007f20bc3e0000, 0x00007f20bcae0000, 0x00007f20d1930000)
  eden space 3072K, 80% used [0x00007f20bc3e0000,0x00007f20bc64d0d0,0x00007f20bc6e0000)
  from space 512K, 93% used [0x00007f20bc6e0000,0x00007f20bc758018,0x00007f20bc760000)
  to   space 512K, 97% used [0x00007f20bca60000,0x00007f20bcadd030,0x00007f20bcae0000)
 PSOldGen        total 5504K, used 723K [0x00007f2091930000, 0x00007f2091e90000, 0x00007f20bc3e0000)
  object space 5504K, 13% used [0x00007f2091930000,0x00007f20919e4eb8,0x00007f2091e90000)
 PSPermGen       total 21248K, used 6877K [0x00007f208c530000, 0x00007f208d9f0000, 0x00007f2091930000)
  object space 21248K, 32% used [0x00007f208c530000,0x00007f208cbe75d0,0x00007f208d9f0000)

Dynamic libraries:
00400000-00409000 r-xp 00000000 08:02 409391                             /usr/lib64/jvm/java-1.6.0-openjdk-1.2_b09/bin/javac
00608000-00609000 r--p 00008000 08:02 409391                             /usr/lib64/jvm/java-1.6.0-openjdk-1.2_b09/bin/javac
00609000-0060a000 rw-p 00009000 08:02 409391                             /usr/lib64/jvm/java-1.6.0-openjdk-1.2_b09/bin/javac
0060a000-0092c000 rw-p 0060a000 00:00 0                                  [heap]
40438000-4043b000 ---p 40438000 00:00 0 
4043b000-40539000 rw-p 4043b000 00:00 0 
409e6000-409e9000 ---p 409e6000 00:00 0 
409e9000-40ae7000 rw-p 409e9000 00:00 0 
40b04000-40b07000 ---p 40b04000 00:00 0 
40b07000-40c05000 rw-p 40b07000 00:00 0 
40c61000-40c62000 ---p 40c61000 00:00 0 
40c62000-40d62000 rw-p 40c62000 00:00 0 
40da9000-40daa000 ---p 40da9000 00:00 0 
40daa000-40eaa000 rw-p 40daa000 00:00 0 
40ffd000-41000000 ---p 40ffd000 00:00 0 
41000000-410fe000 rw-p 41000000 00:00 0 
41a33000-41a34000 ---p 41a33000 00:00 0 
41a34000-41b34000 rw-p 41a34000 00:00 0 
41c1c000-41c1d000 ---p 41c1c000 00:00 0 
41c1d000-41d1d000 rw-p 41c1d000 00:00 0 
41def000-41df2000 ---p 41def000 00:00 0 
41df2000-41ef0000 rw-p 41df2000 00:00 0 
41f3d000-41f3e000 ---p 41f3d000 00:00 0 
41f3e000-4203e000 rw-p 41f3e000 00:00 0 
4203e000-4203f000 ---p 4203e000 00:00 0 
4203f000-4213f000 rw-p 4203f000 00:00 0 
4213f000-42142000 ---p 4213f000 00:00 0 
42142000-42240000 rw-p 42142000 00:00 0 
42240000-42243000 ---p 42240000 00:00 0 
42243000-42341000 rw-p 42243000 00:00 0 
7f2087e75000-7f2088000000 r--s 0334e000 08:02 248180                     /usr/lib64/jvm/java-1.6.0-openjdk-1.2_b09/jre/lib/rt.jar
7f2088000000-7f208823e000 rw-p 7f2088000000 00:00 0 
7f208823e000-7f208c000000 ---p 7f208823e000 00:00 0 
7f208c0c4000-7f208c120000 r--s 00b4b000 08:02 426994                     /usr/lib64/jvm/java-1.6.0-openjdk-1.2_b09/lib/tools.jar
7f208c120000-7f208c127000 r--s 00000000 08:02 175605                     /usr/lib64/gconv/gconv-modules.cache
7f208c127000-7f208c166000 r--p 00000000 08:02 164471                     /usr/lib/locale/en_US.utf8/LC_CTYPE
7f208c166000-7f208c1af000 rw-p 7f208c166000 00:00 0 
7f208c1af000-7f20d1930000 rwxp 7f208c1af000 00:00 0 
7f20d193e000-7f20d493e000 rwxp 7f20d193e000 00:00 0 
7f20d493e000-7f20d4945000 r-xp 00000000 08:02 248128                     /usr/lib64/jvm/java-1.6.0-openjdk-1.2_b09/jre/lib/amd64/libzip.so
7f20d4945000-7f20d4b44000 ---p 00007000 08:02 248128                     /usr/lib64/jvm/java-1.6.0-openjdk-1.2_b09/jre/lib/amd64/libzip.so
7f20d4b44000-7f20d4b45000 r--p 00006000 08:02 248128                     /usr/lib64/jvm/java-1.6.0-openjdk-1.2_b09/jre/lib/amd64/libzip.so
7f20d4b45000-7f20d4b46000 rw-p 00007000 08:02 248128                     /usr/lib64/jvm/java-1.6.0-openjdk-1.2_b09/jre/lib/amd64/libzip.so
7f20d4b46000-7f20d4b73000 r-xp 00000000 08:02 248108                     /usr/lib64/jvm/java-1.6.0-openjdk-1.2_b09/jre/lib/amd64/libjava.so
7f20d4b73000-7f20d4d73000 ---p 0002d000 08:02 248108                     /usr/lib64/jvm/java-1.6.0-openjdk-1.2_b09/jre/lib/amd64/libjava.so
7f20d4d73000-7f20d4d74000 r--p 0002d000 08:02 248108                     /usr/lib64/jvm/java-1.6.0-openjdk-1.2_b09/jre/lib/amd64/libjava.so
7f20d4d74000-7f20d4d77000 rw-p 0002e000 08:02 248108                     /usr/lib64/jvm/java-1.6.0-openjdk-1.2_b09/jre/lib/amd64/libjava.so
7f20d4d77000-7f20d4d86000 r-xp 00000000 08:02 248127                     /usr/lib64/jvm/java-1.6.0-openjdk-1.2_b09/jre/lib/amd64/libverify.so
7f20d4d86000-7f20d4f85000 ---p 0000f000 08:02 248127                     /usr/lib64/jvm/java-1.6.0-openjdk-1.2_b09/jre/lib/amd64/libverify.so
7f20d4f85000-7f20d4f87000 r--p 0000e000 08:02 248127                     /usr/lib64/jvm/java-1.6.0-openjdk-1.2_b09/jre/lib/amd64/libverify.so
7f20d4f87000-7f20d4f88000 rw-p 00010000 08:02 248127                     /usr/lib64/jvm/java-1.6.0-openjdk-1.2_b09/jre/lib/amd64/libverify.so
7f20d4f88000-7f20d4f9d000 r-xp 00000000 08:02 439087                     /lib64/libnsl-2.8.so
7f20d4f9d000-7f20d519c000 ---p 00015000 08:02 439087                     /lib64/libnsl-2.8.so
7f20d519c000-7f20d519d000 r--p 00014000 08:02 439087                     /lib64/libnsl-2.8.so
7f20d519d000-7f20d519e000 rw-p 00015000 08:02 439087                     /lib64/libnsl-2.8.so
7f20d519e000-7f20d51a0000 rw-p 7f20d519e000 00:00 0 
7f20d51a0000-7f20d51a8000 r-xp 00000000 08:02 248130                     /usr/lib64/jvm/java-1.6.0-openjdk-1.2_b09/jre/lib/amd64/native_threads/libhpi.so
7f20d51a8000-7f20d53a7000 ---p 00008000 08:02 248130                     /usr/lib64/jvm/java-1.6.0-openjdk-1.2_b09/jre/lib/amd64/native_threads/libhpi.so
7f20d53a7000-7f20d53a8000 r--p 00007000 08:02 248130                     /usr/lib64/jvm/java-1.6.0-openjdk-1.2_b09/jre/lib/amd64/native_threads/libhpi.so
7f20d53a8000-7f20d53a9000 rw-p 00008000 08:02 248130                     /usr/lib64/jvm/java-1.6.0-openjdk-1.2_b09/jre/lib/amd64/native_threads/libhpi.so
7f20d53a9000-7f20d53b1000 r-xp 00000000 08:02 438928                     /lib64/librt-2.8.so
7f20d53b1000-7f20d55b0000 ---p 00008000 08:02 438928                     /lib64/librt-2.8.so
7f20d55b0000-7f20d55b1000 r--p 00007000 08:02 438928                     /lib64/librt-2.8.so
7f20d55b1000-7f20d55b2000 rw-p 00008000 08:02 438928                     /lib64/librt-2.8.so
7f20d55b2000-7f20d5607000 r-xp 00000000 08:02 438974                     /lib64/libm-2.8.so
7f20d5607000-7f20d5806000 ---p 00055000 08:02 438974                     /lib64/libm-2.8.so
7f20d5806000-7f20d5807000 r--p 00054000 08:02 438974                     /lib64/libm-2.8.so
7f20d5807000-7f20d5808000 rw-p 00055000 08:02 438974                     /lib64/libm-2.8.so
7f20d5808000-7f20d5f00000 r-xp 00000000 08:02 248134                     /usr/lib64/jvm/java-1.6.0-openjdk-1.2_b09/jre/lib/amd64/server/libjvm.so
7f20d5f00000-7f20d60ff000 ---p 006f8000 08:02 248134                     /usr/lib64/jvm/java-1.6.0-openjdk-1.2_b09/jre/lib/amd64/server/libjvm.so
7f20d60ff000-7f20d615f000 r--p 006f7000 08:02 248134                     /usr/lib64/jvm/java-1.6.0-openjdk-1.2_b09/jre/lib/amd64/server/libjvm.so
7f20d615f000-7f20d6177000 rw-p 00757000 08:02 248134                     /usr/lib64/jvm/java-1.6.0-openjdk-1.2_b09/jre/lib/amd64/server/libjvm.so
7f20d6177000-7f20d61b1000 rw-p 7f20d6177000 00:00 0 
7f20d61b1000-7f20d6300000 r-xp 00000000 08:02 438964                     /lib64/libc-2.8.so
7f20d6300000-7f20d6500000 ---p 0014f000 08:02 438964                     /lib64/libc-2.8.so
7f20d6500000-7f20d6504000 r--p 0014f000 08:02 438964                     /lib64/libc-2.8.so
7f20d6504000-7f20d6505000 rw-p 00153000 08:02 438964                     /lib64/libc-2.8.so
7f20d6505000-7f20d650a000 rw-p 7f20d6505000 00:00 0 
7f20d650a000-7f20d650c000 r-xp 00000000 08:02 438970                     /lib64/libdl-2.8.so
7f20d650c000-7f20d670c000 ---p 00002000 08:02 438970                     /lib64/libdl-2.8.so
7f20d670c000-7f20d670d000 r--p 00002000 08:02 438970                     /lib64/libdl-2.8.so
7f20d670d000-7f20d670e000 rw-p 00003000 08:02 438970                     /lib64/libdl-2.8.so
7f20d670e000-7f20d6712000 r-xp 00000000 08:02 248096                     /usr/lib64/jvm/java-1.6.0-openjdk-1.2_b09/jre/lib/amd64/jli/libjli.so
7f20d6712000-7f20d6911000 ---p 00004000 08:02 248096                     /usr/lib64/jvm/java-1.6.0-openjdk-1.2_b09/jre/lib/amd64/jli/libjli.so
7f20d6911000-7f20d6912000 r--p 00003000 08:02 248096                     /usr/lib64/jvm/java-1.6.0-openjdk-1.2_b09/jre/lib/amd64/jli/libjli.so
7f20d6912000-7f20d6913000 rw-p 00004000 08:02 248096                     /usr/lib64/jvm/java-1.6.0-openjdk-1.2_b09/jre/lib/amd64/jli/libjli.so
7f20d6913000-7f20d6929000 r-xp 00000000 08:02 439022                     /lib64/libpthread-2.8.so
7f20d6929000-7f20d6b29000 ---p 00016000 08:02 439022                     /lib64/libpthread-2.8.so
7f20d6b29000-7f20d6b2a000 r--p 00016000 08:02 439022                     /lib64/libpthread-2.8.so
7f20d6b2a000-7f20d6b2b000 rw-p 00017000 08:02 439022                     /lib64/libpthread-2.8.so
7f20d6b2b000-7f20d6b2f000 rw-p 7f20d6b2b000 00:00 0 
7f20d6b2f000-7f20d6b44000 r-xp 00000000 08:02 439099                     /lib64/libz.so.1.2.3
7f20d6b44000-7f20d6d43000 ---p 00015000 08:02 439099                     /lib64/libz.so.1.2.3
7f20d6d43000-7f20d6d44000 r--p 00014000 08:02 439099                     /lib64/libz.so.1.2.3
7f20d6d44000-7f20d6d45000 rw-p 00015000 08:02 439099                     /lib64/libz.so.1.2.3
7f20d6d45000-7f20d6d62000 r-xp 00000000 08:02 439166                     /lib64/ld-2.8.so
7f20d6d6a000-7f20d6e20000 rw-p 7f20d6d6a000 00:00 0 
7f20d6e20000-7f20d6f0a000 rwxp 7f20d6e20000 00:00 0 
7f20d6f0a000-7f20d6f3f000 r--s 00000000 08:02 49873                      /var/run/nscd/passwd
7f20d6f3f000-7f20d6f43000 rw-p 7f20d6f3f000 00:00 0 
7f20d6f49000-7f20d6f4d000 r--s 00079000 08:02 248171                     /usr/lib64/jvm/java-1.6.0-openjdk-1.2_b09/jre/lib/jsse.jar
7f20d6f4d000-7f20d6f56000 r--s 00065000 08:02 248151                     /usr/lib64/jvm/java-1.6.0-openjdk-1.2_b09/jre/lib/ext/gnome-java-bridge.jar
7f20d6f56000-7f20d6f5e000 rw-s 00000000 08:02 33220                      /tmp/hsperfdata_rawlingsm08/6242
7f20d6f5e000-7f20d6f5f000 rwxp 7f20d6f5e000 00:00 0 
7f20d6f5f000-7f20d6f60000 ---p 7f20d6f5f000 00:00 0 
7f20d6f60000-7f20d6f62000 rw-p 7f20d6f60000 00:00 0 
7f20d6f62000-7f20d6f63000 r--p 0001d000 08:02 439166                     /lib64/ld-2.8.so
7f20d6f63000-7f20d6f64000 rw-p 0001e000 08:02 439166                     /lib64/ld-2.8.so
7fffb132e000-7fffb1343000 rw-p 7ffffffea000 00:00 0                      [stack]
7fffb13fe000-7fffb1400000 r-xp 7fffb13fe000 00:00 0                      [vdso]
ffffffffff600000-ffffffffff601000 r-xp 00000000 00:00 0                  [vsyscall]

VM Arguments:
jvm_args: -Dapplication.home=/usr/lib64/jvm/java-1.6.0-openjdk-1.2_b09 -Xms8m 
java_command: com.sun.tools.javac.Main WordCount.java
Launcher Type: SUN_STANDARD

Environment Variables:
JAVA_HOME=/usr/lib64/jvm/java
JRE_HOME=/usr/lib64/jvm/java/jre
PATH=/home/INTRA/rawlingsm08/bin:/usr/local/bin:/usr/bin:/bin:/usr/bin/X11:/usr/X11R6/bin:/usr/games:/usr/lib/mit/bin:/usr/lib/mit/sbin:/usr/NX/bin
LD_LIBRARY_PATH=/usr/lib64/jvm/java-1.6.0-openjdk-1.2_b09/jre/lib/amd64/server:/usr/lib64/jvm/java-1.6.0-openjdk-1.2_b09/jre/lib/amd64:/usr/lib64/jvm/java-1.6.0-openjdk-1.2_b09/jre/../lib/amd64
SHELL=/bin/bash
DISPLAY=:1016.0
HOSTTYPE=x86_64
OSTYPE=linux
MACHTYPE=x86_64-suse-linux

Signal Handlers:
SIGSEGV: [libjvm.so+0x5d2130], sa_mask[0]=0x7ffbfeff, sa_flags=0x10000004
SIGBUS: [libjvm.so+0x5d2130], sa_mask[0]=0x7ffbfeff, sa_flags=0x10000004
SIGFPE: [libjvm.so+0x4ab4f0], sa_mask[0]=0x7ffbfeff, sa_flags=0x10000004
SIGPIPE: [libjvm.so+0x4ab4f0], sa_mask[0]=0x7ffbfeff, sa_flags=0x10000004
SIGXFSZ: [libjvm.so+0x4ab4f0], sa_mask[0]=0x7ffbfeff, sa_flags=0x10000004
SIGILL: [libjvm.so+0x4ab4f0], sa_mask[0]=0x7ffbfeff, sa_flags=0x10000004
SIGUSR1: SIG_DFL, sa_mask[0]=0x00000000, sa_flags=0x00000000
SIGUSR2: [libjvm.so+0x4aaea0], sa_mask[0]=0x00000000, sa_flags=0x10000004
SIGHUP: [libjvm.so+0x4ad040], sa_mask[0]=0x7ffbfeff, sa_flags=0x10000004
SIGINT: [libjvm.so+0x4ad040], sa_mask[0]=0x7ffbfeff, sa_flags=0x10000004
SIGTERM: [libjvm.so+0x4ad040], sa_mask[0]=0x7ffbfeff, sa_flags=0x10000004
SIGQUIT: [libjvm.so+0x4ad040], sa_mask[0]=0x7ffbfeff, sa_flags=0x10000004


---------------  S Y S T E M  ---------------

OS:openSUSE 11.0 (X86-64)
VERSION = 11.0

uname:Linux 2.6.25.20-0.7-default #1 SMP 2010-02-26 20:32:57 +0100 x86_64
libc:glibc 2.8 NPTL 2.8 
rlimit: STACK 8192k, CORE infinity, NPROC 200, NOFILE 8192, AS 1433600k
load average:0.34 0.92 1.37

CPU:total 4 (1 cores per cpu, 1 threads per core) family 16 model 8 stepping 0, cmov, cx8, fxsr, mmx, sse, sse2, sse3, mmxext, 3dnow, 3dnowext, sse4a

Memory: 4k page, physical 20350620k(2123700k free), swap 1542200k(1542152k free)

vm_info: OpenJDK 64-Bit Server VM (1.6.0-b09) for linux-amd64 JRE (1.6.0-b09), built on Jun  7 2008 08:55:27 by "abuild" with gcc 4.3.1 20080507 (prerelease) [gcc-4_3-branch revision 135036]

time: Wed Nov 30 12:51:47 2011
elapsed time: 0 seconds

