#
# An unexpected error has been detected by Java Runtime Environment:
#
# java.lang.OutOfMemoryError: requested 32744 bytes for ChunkPool::allocate. Out of swap space?
#
#  Internal Error (allocation.cpp:120), pid=26731, tid=1099549008
#  Error: ChunkPool::allocate
#
# Java VM: OpenJDK 64-Bit Server VM (1.6.0-b09 mixed mode linux-amd64)
# If you would like to submit a bug report, please visit:
#   http://icedtea.classpath.org/bugzilla
#

---------------  T H R E A D  ---------------

Current thread (0x000000000061d400):  GCTaskThread [stack: 0x000000004179c000,0x000000004189d000] [id=26735]

Stack: [0x000000004179c000,0x000000004189d000],  sp=0x000000004189ae90,  free space=1019k
Native frames: (J=compiled Java code, j=interpreted, Vv=VM code, C=native code)
V  [libjvm.so+0x5d148f]
V  [libjvm.so+0x5d17f1]
V  [libjvm.so+0x27e969]
V  [libjvm.so+0x1ab1c7]
V  [libjvm.so+0x1ab244]
V  [libjvm.so+0x53275a]
V  [libjvm.so+0x2e0ad3]
V  [libjvm.so+0x2e2ebd]
V  [libjvm.so+0x2e3262]
V  [libjvm.so+0x2e385a]
V  [libjvm.so+0x2e3afa]
V  [libjvm.so+0x4a62cf]
V  [libjvm.so+0x4a645b]
V  [libjvm.so+0x4a6696]
V  [libjvm.so+0x2cff77]
V  [libjvm.so+0x59989b]
V  [libjvm.so+0x4f7a66]
V  [libjvm.so+0x2d5e80]
V  [libjvm.so+0x4ae580]


---------------  P R O C E S S  ---------------

Java Threads: ( => current thread )
  0x00007f19d0094400 JavaThread "Low Memory Detector" daemon [_thread_blocked, id=26747, stack(0x00000000407dd000,0x00000000408de000)]
  0x00007f19d0091800 JavaThread "CompilerThread1" daemon [_thread_in_native, id=26746, stack(0x000000004111a000,0x000000004121b000)]
  0x00007f19d0090000 JavaThread "CompilerThread0" daemon [_thread_in_native, id=26745, stack(0x0000000040c7c000,0x0000000040d7d000)]
  0x00007f19d008e800 JavaThread "Signal Dispatcher" daemon [_thread_blocked, id=26744, stack(0x0000000040528000,0x0000000040629000)]
  0x00007f19d0065400 JavaThread "Finalizer" daemon [_thread_blocked, id=26741, stack(0x0000000041c63000,0x0000000041d64000)]
  0x00007f19d0063c00 JavaThread "Reference Handler" daemon [_thread_blocked, id=26740, stack(0x0000000041019000,0x000000004111a000)]
  0x0000000000611c00 JavaThread "main" [_thread_blocked, id=26732, stack(0x0000000040dd9000,0x0000000040eda000)]

Other Threads:
  0x00007f19d005ec00 VMThread [stack: 0x0000000041b62000,0x0000000041c63000] [id=26739]
  0x00007f19d0096000 WatcherThread [stack: 0x0000000041d8f000,0x0000000041e90000] [id=26748]

=>0x000000000061d400 (exited) GCTaskThread [stack: 0x000000004179c000,0x000000004189d000] [id=26735]

VM state:at safepoint (normal execution)

VM Mutex/Monitor currently owned by a thread:  ([mutex/lock_event])
[0x000000000060fc90/0x000000000060fce0] Threads_lock - owner thread: 0x00007f19d005ec00
[0x0000000000610570/0x00000000006105a0] Heap_lock - owner thread: 0x0000000000611c00

Heap
 PSYoungGen      total 3584K, used 3027K [0x00007f1a04250000, 0x00007f1a04950000, 0x00007f1a197a0000)
  eden space 3072K, 82% used [0x00007f1a04250000,0x00007f1a044ccfd0,0x00007f1a04550000)
  from space 512K, 93% used [0x00007f1a04550000,0x00007f1a045c8018,0x00007f1a045d0000)
  to   space 512K, 97% used [0x00007f1a048d0000,0x00007f1a0494d030,0x00007f1a04950000)
 PSOldGen        total 5504K, used 739K [0x00007f19d97a0000, 0x00007f19d9d00000, 0x00007f1a04250000)
  object space 5504K, 13% used [0x00007f19d97a0000,0x00007f19d9858eb8,0x00007f19d9d00000)
 PSPermGen       total 21248K, used 6875K [0x00007f19d43a0000, 0x00007f19d5860000, 0x00007f19d97a0000)
  object space 21248K, 32% used [0x00007f19d43a0000,0x00007f19d4a56ed0,0x00007f19d5860000)

Dynamic libraries:
00400000-00409000 r-xp 00000000 08:02 409391                             /usr/lib64/jvm/java-1.6.0-openjdk-1.2_b09/bin/javac
00608000-00609000 r--p 00008000 08:02 409391                             /usr/lib64/jvm/java-1.6.0-openjdk-1.2_b09/bin/javac
00609000-0060a000 rw-p 00009000 08:02 409391                             /usr/lib64/jvm/java-1.6.0-openjdk-1.2_b09/bin/javac
0060a000-00999000 rw-p 0060a000 00:00 0                                  [heap]
40528000-4052b000 ---p 40528000 00:00 0 
4052b000-40629000 rw-p 4052b000 00:00 0 
407dd000-407e0000 ---p 407dd000 00:00 0 
407e0000-408de000 rw-p 407e0000 00:00 0 
40b7b000-40b7c000 ---p 40b7b000 00:00 0 
40b7c000-40c7c000 rw-p 40b7c000 00:00 0 
40c7c000-40c7f000 ---p 40c7c000 00:00 0 
40c7f000-40d7d000 rw-p 40c7f000 00:00 0 
40dd9000-40ddc000 ---p 40dd9000 00:00 0 
40ddc000-40eda000 rw-p 40ddc000 00:00 0 
41019000-4101c000 ---p 41019000 00:00 0 
4101c000-4111a000 rw-p 4101c000 00:00 0 
4111a000-4111d000 ---p 4111a000 00:00 0 
4111d000-4121b000 rw-p 4111d000 00:00 0 
41333000-41334000 ---p 41333000 00:00 0 
41334000-41434000 rw-p 41334000 00:00 0 
4169b000-4169c000 ---p 4169b000 00:00 0 
4169c000-4179c000 rw-p 4169c000 00:00 0 
4179c000-4179d000 ---p 4179c000 00:00 0 
4179d000-4189d000 rw-p 4179d000 00:00 0 
41b62000-41b63000 ---p 41b62000 00:00 0 
41b63000-41c63000 rw-p 41b63000 00:00 0 
41c63000-41c66000 ---p 41c63000 00:00 0 
41c66000-41d64000 rw-p 41c66000 00:00 0 
41d8f000-41d90000 ---p 41d8f000 00:00 0 
41d90000-41e90000 rw-p 41d90000 00:00 0 
7f19cfd91000-7f19cfded000 r--s 00b4b000 08:02 426994                     /usr/lib64/jvm/java-1.6.0-openjdk-1.2_b09/lib/tools.jar
7f19cfded000-7f19cfdf4000 r--s 00000000 08:02 175605                     /usr/lib64/gconv/gconv-modules.cache
7f19cfdf4000-7f19cfe33000 r--p 00000000 08:02 164471                     /usr/lib/locale/en_US.utf8/LC_CTYPE
7f19cfe33000-7f19cfe75000 rw-p 7f19cfe33000 00:00 0 
7f19cfe75000-7f19d0000000 r--s 0334e000 08:02 248180                     /usr/lib64/jvm/java-1.6.0-openjdk-1.2_b09/jre/lib/rt.jar
7f19d0000000-7f19d03ab000 rw-p 7f19d0000000 00:00 0 
7f19d03ab000-7f19d4000000 ---p 7f19d03ab000 00:00 0 
7f19d401f000-7f1a1c7a0000 rwxp 7f19d401f000 00:00 0 
7f1a1c7a0000-7f1a1c7a7000 r-xp 00000000 08:02 248128                     /usr/lib64/jvm/java-1.6.0-openjdk-1.2_b09/jre/lib/amd64/libzip.so
7f1a1c7a7000-7f1a1c9a6000 ---p 00007000 08:02 248128                     /usr/lib64/jvm/java-1.6.0-openjdk-1.2_b09/jre/lib/amd64/libzip.so
7f1a1c9a6000-7f1a1c9a7000 r--p 00006000 08:02 248128                     /usr/lib64/jvm/java-1.6.0-openjdk-1.2_b09/jre/lib/amd64/libzip.so
7f1a1c9a7000-7f1a1c9a8000 rw-p 00007000 08:02 248128                     /usr/lib64/jvm/java-1.6.0-openjdk-1.2_b09/jre/lib/amd64/libzip.so
7f1a1c9a8000-7f1a1c9d5000 r-xp 00000000 08:02 248108                     /usr/lib64/jvm/java-1.6.0-openjdk-1.2_b09/jre/lib/amd64/libjava.so
7f1a1c9d5000-7f1a1cbd5000 ---p 0002d000 08:02 248108                     /usr/lib64/jvm/java-1.6.0-openjdk-1.2_b09/jre/lib/amd64/libjava.so
7f1a1cbd5000-7f1a1cbd6000 r--p 0002d000 08:02 248108                     /usr/lib64/jvm/java-1.6.0-openjdk-1.2_b09/jre/lib/amd64/libjava.so
7f1a1cbd6000-7f1a1cbd9000 rw-p 0002e000 08:02 248108                     /usr/lib64/jvm/java-1.6.0-openjdk-1.2_b09/jre/lib/amd64/libjava.so
7f1a1cbd9000-7f1a1cbe8000 r-xp 00000000 08:02 248127                     /usr/lib64/jvm/java-1.6.0-openjdk-1.2_b09/jre/lib/amd64/libverify.so
7f1a1cbe8000-7f1a1cde7000 ---p 0000f000 08:02 248127                     /usr/lib64/jvm/java-1.6.0-openjdk-1.2_b09/jre/lib/amd64/libverify.so
7f1a1cde7000-7f1a1cde9000 r--p 0000e000 08:02 248127                     /usr/lib64/jvm/java-1.6.0-openjdk-1.2_b09/jre/lib/amd64/libverify.so
7f1a1cde9000-7f1a1cdea000 rw-p 00010000 08:02 248127                     /usr/lib64/jvm/java-1.6.0-openjdk-1.2_b09/jre/lib/amd64/libverify.so
7f1a1cdea000-7f1a1cdff000 r-xp 00000000 08:02 439087                     /lib64/libnsl-2.8.so
7f1a1cdff000-7f1a1cffe000 ---p 00015000 08:02 439087                     /lib64/libnsl-2.8.so
7f1a1cffe000-7f1a1cfff000 r--p 00014000 08:02 439087                     /lib64/libnsl-2.8.so
7f1a1cfff000-7f1a1d000000 rw-p 00015000 08:02 439087                     /lib64/libnsl-2.8.so
7f1a1d000000-7f1a1d002000 rw-p 7f1a1d000000 00:00 0 
7f1a1d002000-7f1a1d00a000 r-xp 00000000 08:02 248130                     /usr/lib64/jvm/java-1.6.0-openjdk-1.2_b09/jre/lib/amd64/native_threads/libhpi.so
7f1a1d00a000-7f1a1d209000 ---p 00008000 08:02 248130                     /usr/lib64/jvm/java-1.6.0-openjdk-1.2_b09/jre/lib/amd64/native_threads/libhpi.so
7f1a1d209000-7f1a1d20a000 r--p 00007000 08:02 248130                     /usr/lib64/jvm/java-1.6.0-openjdk-1.2_b09/jre/lib/amd64/native_threads/libhpi.so
7f1a1d20a000-7f1a1d20b000 rw-p 00008000 08:02 248130                     /usr/lib64/jvm/java-1.6.0-openjdk-1.2_b09/jre/lib/amd64/native_threads/libhpi.so
7f1a1d20b000-7f1a1d213000 r-xp 00000000 08:02 438928                     /lib64/librt-2.8.so
7f1a1d213000-7f1a1d412000 ---p 00008000 08:02 438928                     /lib64/librt-2.8.so
7f1a1d412000-7f1a1d413000 r--p 00007000 08:02 438928                     /lib64/librt-2.8.so
7f1a1d413000-7f1a1d414000 rw-p 00008000 08:02 438928                     /lib64/librt-2.8.so
7f1a1d414000-7f1a1d469000 r-xp 00000000 08:02 438974                     /lib64/libm-2.8.so
7f1a1d469000-7f1a1d668000 ---p 00055000 08:02 438974                     /lib64/libm-2.8.so
7f1a1d668000-7f1a1d669000 r--p 00054000 08:02 438974                     /lib64/libm-2.8.so
7f1a1d669000-7f1a1d66a000 rw-p 00055000 08:02 438974                     /lib64/libm-2.8.so
7f1a1d66a000-7f1a1dd62000 r-xp 00000000 08:02 248134                     /usr/lib64/jvm/java-1.6.0-openjdk-1.2_b09/jre/lib/amd64/server/libjvm.so
7f1a1dd62000-7f1a1df61000 ---p 006f8000 08:02 248134                     /usr/lib64/jvm/java-1.6.0-openjdk-1.2_b09/jre/lib/amd64/server/libjvm.so
7f1a1df61000-7f1a1dfc1000 r--p 006f7000 08:02 248134                     /usr/lib64/jvm/java-1.6.0-openjdk-1.2_b09/jre/lib/amd64/server/libjvm.so
7f1a1dfc1000-7f1a1dfd9000 rw-p 00757000 08:02 248134                     /usr/lib64/jvm/java-1.6.0-openjdk-1.2_b09/jre/lib/amd64/server/libjvm.so
7f1a1dfd9000-7f1a1e013000 rw-p 7f1a1dfd9000 00:00 0 
7f1a1e013000-7f1a1e162000 r-xp 00000000 08:02 438964                     /lib64/libc-2.8.so
7f1a1e162000-7f1a1e362000 ---p 0014f000 08:02 438964                     /lib64/libc-2.8.so
7f1a1e362000-7f1a1e366000 r--p 0014f000 08:02 438964                     /lib64/libc-2.8.so
7f1a1e366000-7f1a1e367000 rw-p 00153000 08:02 438964                     /lib64/libc-2.8.so
7f1a1e367000-7f1a1e36c000 rw-p 7f1a1e367000 00:00 0 
7f1a1e36c000-7f1a1e36e000 r-xp 00000000 08:02 438970                     /lib64/libdl-2.8.so
7f1a1e36e000-7f1a1e56e000 ---p 00002000 08:02 438970                     /lib64/libdl-2.8.so
7f1a1e56e000-7f1a1e56f000 r--p 00002000 08:02 438970                     /lib64/libdl-2.8.so
7f1a1e56f000-7f1a1e570000 rw-p 00003000 08:02 438970                     /lib64/libdl-2.8.so
7f1a1e570000-7f1a1e574000 r-xp 00000000 08:02 248096                     /usr/lib64/jvm/java-1.6.0-openjdk-1.2_b09/jre/lib/amd64/jli/libjli.so
7f1a1e574000-7f1a1e773000 ---p 00004000 08:02 248096                     /usr/lib64/jvm/java-1.6.0-openjdk-1.2_b09/jre/lib/amd64/jli/libjli.so
7f1a1e773000-7f1a1e774000 r--p 00003000 08:02 248096                     /usr/lib64/jvm/java-1.6.0-openjdk-1.2_b09/jre/lib/amd64/jli/libjli.so
7f1a1e774000-7f1a1e775000 rw-p 00004000 08:02 248096                     /usr/lib64/jvm/java-1.6.0-openjdk-1.2_b09/jre/lib/amd64/jli/libjli.so
7f1a1e775000-7f1a1e78b000 r-xp 00000000 08:02 439022                     /lib64/libpthread-2.8.so
7f1a1e78b000-7f1a1e98b000 ---p 00016000 08:02 439022                     /lib64/libpthread-2.8.so
7f1a1e98b000-7f1a1e98c000 r--p 00016000 08:02 439022                     /lib64/libpthread-2.8.so
7f1a1e98c000-7f1a1e98d000 rw-p 00017000 08:02 439022                     /lib64/libpthread-2.8.so
7f1a1e98d000-7f1a1e991000 rw-p 7f1a1e98d000 00:00 0 
7f1a1e991000-7f1a1e9a6000 r-xp 00000000 08:02 439099                     /lib64/libz.so.1.2.3
7f1a1e9a6000-7f1a1eba5000 ---p 00015000 08:02 439099                     /lib64/libz.so.1.2.3
7f1a1eba5000-7f1a1eba6000 r--p 00014000 08:02 439099                     /lib64/libz.so.1.2.3
7f1a1eba6000-7f1a1eba7000 rw-p 00015000 08:02 439099                     /lib64/libz.so.1.2.3
7f1a1eba7000-7f1a1ebc4000 r-xp 00000000 08:02 439166                     /lib64/ld-2.8.so
7f1a1ebc5000-7f1a1ec82000 rw-p 7f1a1ebc5000 00:00 0 
7f1a1ec82000-7f1a1ed6c000 rwxp 7f1a1ec82000 00:00 0 
7f1a1ed6c000-7f1a1eda1000 r--s 00000000 08:02 49873                      /var/run/nscd/passwd
7f1a1eda1000-7f1a1eda5000 rw-p 7f1a1eda1000 00:00 0 
7f1a1edab000-7f1a1edaf000 r--s 00079000 08:02 248171                     /usr/lib64/jvm/java-1.6.0-openjdk-1.2_b09/jre/lib/jsse.jar
7f1a1edaf000-7f1a1edb8000 r--s 00065000 08:02 248151                     /usr/lib64/jvm/java-1.6.0-openjdk-1.2_b09/jre/lib/ext/gnome-java-bridge.jar
7f1a1edb8000-7f1a1edc0000 rw-s 00000000 08:02 32630                      /tmp/hsperfdata_rawlingsm08/26731
7f1a1edc0000-7f1a1edc1000 rwxp 7f1a1edc0000 00:00 0 
7f1a1edc1000-7f1a1edc2000 ---p 7f1a1edc1000 00:00 0 
7f1a1edc2000-7f1a1edc4000 rw-p 7f1a1edc2000 00:00 0 
7f1a1edc4000-7f1a1edc5000 r--p 0001d000 08:02 439166                     /lib64/ld-2.8.so
7f1a1edc5000-7f1a1edc6000 rw-p 0001e000 08:02 439166                     /lib64/ld-2.8.so
7fff262a4000-7fff262b9000 rw-p 7ffffffea000 00:00 0                      [stack]
7fff262fc000-7fff262fe000 r-xp 7fff262fc000 00:00 0                      [vdso]
ffffffffff600000-ffffffffff601000 r-xp 00000000 00:00 0                  [vsyscall]

VM Arguments:
jvm_args: -Dapplication.home=/usr/lib64/jvm/java-1.6.0-openjdk-1.2_b09 -Xms8m 
java_command: com.sun.tools.javac.Main wordCount2.java
Launcher Type: SUN_STANDARD

Environment Variables:
JAVA_HOME=/usr/lib64/jvm/java
JRE_HOME=/usr/lib64/jvm/java/jre
PATH=/home/INTRA/rawlingsm08/bin:/usr/local/bin:/usr/bin:/bin:/usr/bin/X11:/usr/X11R6/bin:/usr/games:/usr/lib/mit/bin:/usr/lib/mit/sbin:/usr/NX/bin
LD_LIBRARY_PATH=/usr/lib64/jvm/java-1.6.0-openjdk-1.2_b09/jre/lib/amd64/server:/usr/lib64/jvm/java-1.6.0-openjdk-1.2_b09/jre/lib/amd64:/usr/lib64/jvm/java-1.6.0-openjdk-1.2_b09/jre/../lib/amd64
SHELL=/bin/bash
DISPLAY=:1028.0
HOSTTYPE=x86_64
OSTYPE=linux
MACHTYPE=x86_64-suse-linux

Signal Handlers:
SIGSEGV: [libjvm.so+0x5d2130], sa_mask[0]=0x7ffbfeff, sa_flags=0x10000004
SIGBUS: [libjvm.so+0x5d2130], sa_mask[0]=0x7ffbfeff, sa_flags=0x10000004
SIGFPE: [libjvm.so+0x4ab4f0], sa_mask[0]=0x7ffbfeff, sa_flags=0x10000004
SIGPIPE: [libjvm.so+0x4ab4f0], sa_mask[0]=0x7ffbfeff, sa_flags=0x10000004
SIGXFSZ: [libjvm.so+0x4ab4f0], sa_mask[0]=0x7ffbfeff, sa_flags=0x10000004
SIGILL: [libjvm.so+0x4ab4f0], sa_mask[0]=0x7ffbfeff, sa_flags=0x10000004
SIGUSR1: SIG_DFL, sa_mask[0]=0x00000000, sa_flags=0x00000000
SIGUSR2: [libjvm.so+0x4aaea0], sa_mask[0]=0x00000000, sa_flags=0x10000004
SIGHUP: [libjvm.so+0x4ad040], sa_mask[0]=0x7ffbfeff, sa_flags=0x10000004
SIGINT: [libjvm.so+0x4ad040], sa_mask[0]=0x7ffbfeff, sa_flags=0x10000004
SIGTERM: [libjvm.so+0x4ad040], sa_mask[0]=0x7ffbfeff, sa_flags=0x10000004
SIGQUIT: [libjvm.so+0x4ad040], sa_mask[0]=0x7ffbfeff, sa_flags=0x10000004


---------------  S Y S T E M  ---------------

OS:openSUSE 11.0 (X86-64)
VERSION = 11.0

uname:Linux 2.6.25.20-0.7-default #1 SMP 2010-02-26 20:32:57 +0100 x86_64
libc:glibc 2.8 NPTL 2.8 
rlimit: STACK 8192k, CORE infinity, NPROC 200, NOFILE 8192, AS 1433600k
load average:0.95 0.89 0.84

CPU:total 4 (1 cores per cpu, 1 threads per core) family 16 model 8 stepping 0, cmov, cx8, fxsr, mmx, sse, sse2, sse3, mmxext, 3dnow, 3dnowext, sse4a

Memory: 4k page, physical 20350620k(1902624k free), swap 1542200k(1542152k free)

vm_info: OpenJDK 64-Bit Server VM (1.6.0-b09) for linux-amd64 JRE (1.6.0-b09), built on Jun  7 2008 08:55:27 by "abuild" with gcc 4.3.1 20080507 (prerelease) [gcc-4_3-branch revision 135036]

time: Sun Dec  4 12:39:09 2011
elapsed time: 0 seconds

