#
# An unexpected error has been detected by Java Runtime Environment:
#
# java.lang.OutOfMemoryError: pthread_getattr_np
#
#  Internal Error (os_linux_amd64.cpp:470), pid=31772, tid=1108228432
#  Error: pthread_getattr_np
#
# Java VM: OpenJDK 64-Bit Server VM (1.6.0-b09 mixed mode linux-amd64)
# If you would like to submit a bug report, please visit:
#   http://icedtea.classpath.org/bugzilla
#

---------------  T H R E A D  ---------------

Current thread (0x00007fbed4091800):  JavaThread "CompilerThread1" daemon [_thread_new, id=31783, stack(0x0000000000000000,0x0000000000000000)]

Stack: [0x0000000000000000,0x0000000000000000],  sp=0x00000000420e29a0,  free space=1082250k
Native frames: (J=compiled Java code, j=interpreted, Vv=VM code, C=native code)
V  [libjvm.so+0x5d148f]
V  [libjvm.so+0x5d17f1]
V  [libjvm.so+0x27e969]
V  [libjvm.so+0x4b027a]
V  [libjvm.so+0x4b02c5]
V  [libjvm.so+0x59a2a1]
V  [libjvm.so+0x59d2e4]
V  [libjvm.so+0x4ae580]


---------------  P R O C E S S  ---------------

Java Threads: ( => current thread )
  0x00007fbed4094400 JavaThread "Low Memory Detector" daemon [_thread_blocked, id=31784, stack(0x0000000040a3b000,0x0000000040b3c000)]
=>0x00007fbed4091800 JavaThread "CompilerThread1" daemon [_thread_new, id=31783, stack(0x0000000000000000,0x0000000000000000)]
  0x00007fbed4090000 JavaThread "CompilerThread0" daemon [_thread_blocked, id=31782, stack(0x000000004139e000,0x000000004149f000)]
  0x00007fbed408e800 JavaThread "Signal Dispatcher" daemon [_thread_blocked, id=31781, stack(0x000000004129d000,0x000000004139e000)]
  0x00007fbed4065400 JavaThread "Finalizer" daemon [_thread_blocked, id=31780, stack(0x0000000040ea7000,0x0000000040fa8000)]
  0x00007fbed4063c00 JavaThread "Reference Handler" daemon [_thread_blocked, id=31779, stack(0x0000000041be3000,0x0000000041ce4000)]
  0x0000000000611800 JavaThread "main" [_thread_in_vm, id=31773, stack(0x0000000041ee2000,0x0000000041fe3000)]

Other Threads:
  0x00007fbed405ec00 VMThread [stack: 0x000000004119c000,0x000000004129d000] [id=31778]
  0x00007fbed4096000 WatcherThread [stack: 0x0000000041ae0000,0x0000000041be1000] [id=31785]

VM state:not at safepoint (normal execution)

VM Mutex/Monitor currently owned by a thread: None

Heap
 PSYoungGen      total 92736K, used 1589K [0x00007fbf083b0000, 0x00007fbf0eb30000, 0x00007fbf1d900000)
  eden space 79488K, 2% used [0x00007fbf083b0000,0x00007fbf0853d720,0x00007fbf0d150000)
  from space 13248K, 0% used [0x00007fbf0de40000,0x00007fbf0de40000,0x00007fbf0eb30000)
  to   space 13248K, 0% used [0x00007fbf0d150000,0x00007fbf0d150000,0x00007fbf0de40000)
 PSOldGen        total 212032K, used 0K [0x00007fbedd900000, 0x00007fbeea810000, 0x00007fbf083b0000)
  object space 212032K, 0% used [0x00007fbedd900000,0x00007fbedd900000,0x00007fbeea810000)
 PSPermGen       total 21248K, used 2361K [0x00007fbed8500000, 0x00007fbed99c0000, 0x00007fbedd900000)
  object space 21248K, 11% used [0x00007fbed8500000,0x00007fbed874e478,0x00007fbed99c0000)

Dynamic libraries:
00400000-00409000 r-xp 00000000 08:02 248197                             /usr/lib64/jvm/java-1.6.0-openjdk-1.2_b09/jre/bin/java
00608000-00609000 r--p 00008000 08:02 248197                             /usr/lib64/jvm/java-1.6.0-openjdk-1.2_b09/jre/bin/java
00609000-0060a000 rw-p 00009000 08:02 248197                             /usr/lib64/jvm/java-1.6.0-openjdk-1.2_b09/jre/bin/java
0060a000-0062b000 rw-p 0060a000 00:00 0                                  [heap]
40090000-40091000 ---p 40090000 00:00 0 
40091000-40191000 rw-p 40091000 00:00 0 
40792000-40793000 ---p 40792000 00:00 0 
40793000-40893000 rw-p 40793000 00:00 0 
40a3b000-40a3e000 ---p 40a3b000 00:00 0 
40a3e000-40b3c000 rw-p 40a3e000 00:00 0 
40ea7000-40eaa000 ---p 40ea7000 00:00 0 
40eaa000-40fa8000 rw-p 40eaa000 00:00 0 
4109b000-4109c000 ---p 4109b000 00:00 0 
4109c000-4119c000 rw-p 4109c000 00:00 0 
4119c000-4119d000 ---p 4119c000 00:00 0 
4119d000-4129d000 rw-p 4119d000 00:00 0 
4129d000-412a0000 ---p 4129d000 00:00 0 
412a0000-4139e000 rw-p 412a0000 00:00 0 
4139e000-413a1000 ---p 4139e000 00:00 0 
413a1000-4149f000 rw-p 413a1000 00:00 0 
419df000-419e0000 ---p 419df000 00:00 0 
419e0000-41ae0000 rw-p 419e0000 00:00 0 
41ae0000-41ae1000 ---p 41ae0000 00:00 0 
41ae1000-41be1000 rw-p 41ae1000 00:00 0 
41be3000-41be6000 ---p 41be3000 00:00 0 
41be6000-41ce4000 rw-p 41be6000 00:00 0 
41ee2000-41ee5000 ---p 41ee2000 00:00 0 
41ee5000-41fe3000 rw-p 41ee5000 00:00 0 
41fe3000-41fe4000 ---p 41fe3000 00:00 0 
41fe4000-420e4000 rw-p 41fe4000 00:00 0 
7fbed3e75000-7fbed4000000 r--s 0334e000 08:02 248180                     /usr/lib64/jvm/java-1.6.0-openjdk-1.2_b09/jre/lib/rt.jar
7fbed4000000-7fbed4098000 rw-p 7fbed4000000 00:00 0 
7fbed4098000-7fbed8000000 ---p 7fbed4098000 00:00 0 
7fbed80f0000-7fbed80f7000 r--s 00000000 08:02 175605                     /usr/lib64/gconv/gconv-modules.cache
7fbed80f7000-7fbed8136000 r--p 00000000 08:02 164471                     /usr/lib/locale/en_US.utf8/LC_CTYPE
7fbed8136000-7fbed817f000 rw-p 7fbed8136000 00:00 0 
7fbed817f000-7fbf1d900000 rwxp 7fbed817f000 00:00 0 
7fbf1d90c000-7fbf2090c000 rwxp 7fbf1d90c000 00:00 0 
7fbf2090c000-7fbf20913000 r-xp 00000000 08:02 248128                     /usr/lib64/jvm/java-1.6.0-openjdk-1.2_b09/jre/lib/amd64/libzip.so
7fbf20913000-7fbf20b12000 ---p 00007000 08:02 248128                     /usr/lib64/jvm/java-1.6.0-openjdk-1.2_b09/jre/lib/amd64/libzip.so
7fbf20b12000-7fbf20b13000 r--p 00006000 08:02 248128                     /usr/lib64/jvm/java-1.6.0-openjdk-1.2_b09/jre/lib/amd64/libzip.so
7fbf20b13000-7fbf20b14000 rw-p 00007000 08:02 248128                     /usr/lib64/jvm/java-1.6.0-openjdk-1.2_b09/jre/lib/amd64/libzip.so
7fbf20b14000-7fbf20b41000 r-xp 00000000 08:02 248108                     /usr/lib64/jvm/java-1.6.0-openjdk-1.2_b09/jre/lib/amd64/libjava.so
7fbf20b41000-7fbf20d41000 ---p 0002d000 08:02 248108                     /usr/lib64/jvm/java-1.6.0-openjdk-1.2_b09/jre/lib/amd64/libjava.so
7fbf20d41000-7fbf20d42000 r--p 0002d000 08:02 248108                     /usr/lib64/jvm/java-1.6.0-openjdk-1.2_b09/jre/lib/amd64/libjava.so
7fbf20d42000-7fbf20d45000 rw-p 0002e000 08:02 248108                     /usr/lib64/jvm/java-1.6.0-openjdk-1.2_b09/jre/lib/amd64/libjava.so
7fbf20d45000-7fbf20d54000 r-xp 00000000 08:02 248127                     /usr/lib64/jvm/java-1.6.0-openjdk-1.2_b09/jre/lib/amd64/libverify.so
7fbf20d54000-7fbf20f53000 ---p 0000f000 08:02 248127                     /usr/lib64/jvm/java-1.6.0-openjdk-1.2_b09/jre/lib/amd64/libverify.so
7fbf20f53000-7fbf20f55000 r--p 0000e000 08:02 248127                     /usr/lib64/jvm/java-1.6.0-openjdk-1.2_b09/jre/lib/amd64/libverify.so
7fbf20f55000-7fbf20f56000 rw-p 00010000 08:02 248127                     /usr/lib64/jvm/java-1.6.0-openjdk-1.2_b09/jre/lib/amd64/libverify.so
7fbf20f56000-7fbf20f6b000 r-xp 00000000 08:02 439087                     /lib64/libnsl-2.8.so
7fbf20f6b000-7fbf2116a000 ---p 00015000 08:02 439087                     /lib64/libnsl-2.8.so
7fbf2116a000-7fbf2116b000 r--p 00014000 08:02 439087                     /lib64/libnsl-2.8.so
7fbf2116b000-7fbf2116c000 rw-p 00015000 08:02 439087                     /lib64/libnsl-2.8.so
7fbf2116c000-7fbf2116e000 rw-p 7fbf2116c000 00:00 0 
7fbf2116e000-7fbf21176000 r-xp 00000000 08:02 248130                     /usr/lib64/jvm/java-1.6.0-openjdk-1.2_b09/jre/lib/amd64/native_threads/libhpi.so
7fbf21176000-7fbf21375000 ---p 00008000 08:02 248130                     /usr/lib64/jvm/java-1.6.0-openjdk-1.2_b09/jre/lib/amd64/native_threads/libhpi.so
7fbf21375000-7fbf21376000 r--p 00007000 08:02 248130                     /usr/lib64/jvm/java-1.6.0-openjdk-1.2_b09/jre/lib/amd64/native_threads/libhpi.so
7fbf21376000-7fbf21377000 rw-p 00008000 08:02 248130                     /usr/lib64/jvm/java-1.6.0-openjdk-1.2_b09/jre/lib/amd64/native_threads/libhpi.so
7fbf21377000-7fbf2137f000 r-xp 00000000 08:02 438928                     /lib64/librt-2.8.so
7fbf2137f000-7fbf2157e000 ---p 00008000 08:02 438928                     /lib64/librt-2.8.so
7fbf2157e000-7fbf2157f000 r--p 00007000 08:02 438928                     /lib64/librt-2.8.so
7fbf2157f000-7fbf21580000 rw-p 00008000 08:02 438928                     /lib64/librt-2.8.so
7fbf21580000-7fbf215d5000 r-xp 00000000 08:02 438974                     /lib64/libm-2.8.so
7fbf215d5000-7fbf217d4000 ---p 00055000 08:02 438974                     /lib64/libm-2.8.so
7fbf217d4000-7fbf217d5000 r--p 00054000 08:02 438974                     /lib64/libm-2.8.so
7fbf217d5000-7fbf217d6000 rw-p 00055000 08:02 438974                     /lib64/libm-2.8.so
7fbf217d6000-7fbf21ece000 r-xp 00000000 08:02 248134                     /usr/lib64/jvm/java-1.6.0-openjdk-1.2_b09/jre/lib/amd64/server/libjvm.so
7fbf21ece000-7fbf220cd000 ---p 006f8000 08:02 248134                     /usr/lib64/jvm/java-1.6.0-openjdk-1.2_b09/jre/lib/amd64/server/libjvm.so
7fbf220cd000-7fbf2212d000 r--p 006f7000 08:02 248134                     /usr/lib64/jvm/java-1.6.0-openjdk-1.2_b09/jre/lib/amd64/server/libjvm.so
7fbf2212d000-7fbf22145000 rw-p 00757000 08:02 248134                     /usr/lib64/jvm/java-1.6.0-openjdk-1.2_b09/jre/lib/amd64/server/libjvm.so
7fbf22145000-7fbf2217f000 rw-p 7fbf22145000 00:00 0 
7fbf2217f000-7fbf222ce000 r-xp 00000000 08:02 438964                     /lib64/libc-2.8.so
7fbf222ce000-7fbf224ce000 ---p 0014f000 08:02 438964                     /lib64/libc-2.8.so
7fbf224ce000-7fbf224d2000 r--p 0014f000 08:02 438964                     /lib64/libc-2.8.so
7fbf224d2000-7fbf224d3000 rw-p 00153000 08:02 438964                     /lib64/libc-2.8.so
7fbf224d3000-7fbf224d8000 rw-p 7fbf224d3000 00:00 0 
7fbf224d8000-7fbf224da000 r-xp 00000000 08:02 438970                     /lib64/libdl-2.8.so
7fbf224da000-7fbf226da000 ---p 00002000 08:02 438970                     /lib64/libdl-2.8.so
7fbf226da000-7fbf226db000 r--p 00002000 08:02 438970                     /lib64/libdl-2.8.so
7fbf226db000-7fbf226dc000 rw-p 00003000 08:02 438970                     /lib64/libdl-2.8.so
7fbf226dc000-7fbf226e0000 r-xp 00000000 08:02 248096                     /usr/lib64/jvm/java-1.6.0-openjdk-1.2_b09/jre/lib/amd64/jli/libjli.so
7fbf226e0000-7fbf228df000 ---p 00004000 08:02 248096                     /usr/lib64/jvm/java-1.6.0-openjdk-1.2_b09/jre/lib/amd64/jli/libjli.so
7fbf228df000-7fbf228e0000 r--p 00003000 08:02 248096                     /usr/lib64/jvm/java-1.6.0-openjdk-1.2_b09/jre/lib/amd64/jli/libjli.so
7fbf228e0000-7fbf228e1000 rw-p 00004000 08:02 248096                     /usr/lib64/jvm/java-1.6.0-openjdk-1.2_b09/jre/lib/amd64/jli/libjli.so
7fbf228e1000-7fbf228f7000 r-xp 00000000 08:02 439022                     /lib64/libpthread-2.8.so
7fbf228f7000-7fbf22af7000 ---p 00016000 08:02 439022                     /lib64/libpthread-2.8.so
7fbf22af7000-7fbf22af8000 r--p 00016000 08:02 439022                     /lib64/libpthread-2.8.so
7fbf22af8000-7fbf22af9000 rw-p 00017000 08:02 439022                     /lib64/libpthread-2.8.so
7fbf22af9000-7fbf22afd000 rw-p 7fbf22af9000 00:00 0 
7fbf22afd000-7fbf22b12000 r-xp 00000000 08:02 439099                     /lib64/libz.so.1.2.3
7fbf22b12000-7fbf22d11000 ---p 00015000 08:02 439099                     /lib64/libz.so.1.2.3
7fbf22d11000-7fbf22d12000 r--p 00014000 08:02 439099                     /lib64/libz.so.1.2.3
7fbf22d12000-7fbf22d13000 rw-p 00015000 08:02 439099                     /lib64/libz.so.1.2.3
7fbf22d13000-7fbf22d30000 r-xp 00000000 08:02 439166                     /lib64/ld-2.8.so
7fbf22d38000-7fbf22dee000 rw-p 7fbf22d38000 00:00 0 
7fbf22dee000-7fbf22ed8000 rwxp 7fbf22dee000 00:00 0 
7fbf22ed8000-7fbf22f0d000 r--s 00000000 08:02 49873                      /var/run/nscd/passwd
7fbf22f0d000-7fbf22f11000 rw-p 7fbf22f0d000 00:00 0 
7fbf22f24000-7fbf22f2c000 rw-s 00000000 08:02 32630                      /tmp/hsperfdata_rawlingsm08/31772
7fbf22f2c000-7fbf22f2d000 rw-p 7fbf22f2c000 00:00 0 
7fbf22f2d000-7fbf22f2e000 r--p 7fbf22f2d000 00:00 0 
7fbf22f2e000-7fbf22f30000 rw-p 7fbf22f2e000 00:00 0 
7fbf22f30000-7fbf22f31000 r--p 0001d000 08:02 439166                     /lib64/ld-2.8.so
7fbf22f31000-7fbf22f32000 rw-p 0001e000 08:02 439166                     /lib64/ld-2.8.so
7fffd9b34000-7fffd9b49000 rw-p 7ffffffea000 00:00 0                      [stack]
7fffd9be0000-7fffd9be2000 r-xp 7fffd9be0000 00:00 0                      [vdso]
ffffffffff600000-ffffffffff601000 r-xp 00000000 00:00 0                  [vsyscall]

VM Arguments:
java_command: WordCount test.txt 2
Launcher Type: SUN_STANDARD

Environment Variables:
JAVA_HOME=/usr/lib64/jvm/java
JRE_HOME=/usr/lib64/jvm/java/jre
PATH=/home/INTRA/rawlingsm08/bin:/usr/local/bin:/usr/bin:/bin:/usr/bin/X11:/usr/X11R6/bin:/usr/games:/usr/lib/mit/bin:/usr/lib/mit/sbin:/usr/NX/bin
LD_LIBRARY_PATH=/usr/lib64/jvm/java-1.6.0-openjdk-1.2_b09/jre/lib/amd64/server:/usr/lib64/jvm/java-1.6.0-openjdk-1.2_b09/jre/lib/amd64:/usr/lib64/jvm/java-1.6.0-openjdk-1.2_b09/jre/../lib/amd64
SHELL=/bin/bash
DISPLAY=:1028.0
HOSTTYPE=x86_64
OSTYPE=linux
MACHTYPE=x86_64-suse-linux

Signal Handlers:
SIGSEGV: [libjvm.so+0x5d2130], sa_mask[0]=0x7ffbfeff, sa_flags=0x10000004
SIGBUS: [libjvm.so+0x5d2130], sa_mask[0]=0x7ffbfeff, sa_flags=0x10000004
SIGFPE: [libjvm.so+0x4ab4f0], sa_mask[0]=0x7ffbfeff, sa_flags=0x10000004
SIGPIPE: [libjvm.so+0x4ab4f0], sa_mask[0]=0x7ffbfeff, sa_flags=0x10000004
SIGXFSZ: [libjvm.so+0x4ab4f0], sa_mask[0]=0x7ffbfeff, sa_flags=0x10000004
SIGILL: [libjvm.so+0x4ab4f0], sa_mask[0]=0x7ffbfeff, sa_flags=0x10000004
SIGUSR1: SIG_DFL, sa_mask[0]=0x00000000, sa_flags=0x00000000
SIGUSR2: [libjvm.so+0x4aaea0], sa_mask[0]=0x00000000, sa_flags=0x10000004
SIGHUP: [libjvm.so+0x4ad040], sa_mask[0]=0x7ffbfeff, sa_flags=0x10000004
SIGINT: [libjvm.so+0x4ad040], sa_mask[0]=0x7ffbfeff, sa_flags=0x10000004
SIGTERM: [libjvm.so+0x4ad040], sa_mask[0]=0x7ffbfeff, sa_flags=0x10000004
SIGQUIT: [libjvm.so+0x4ad040], sa_mask[0]=0x7ffbfeff, sa_flags=0x10000004


---------------  S Y S T E M  ---------------

OS:openSUSE 11.0 (X86-64)
VERSION = 11.0

uname:Linux 2.6.25.20-0.7-default #1 SMP 2010-02-26 20:32:57 +0100 x86_64
libc:glibc 2.8 NPTL 2.8 
rlimit: STACK 8192k, CORE infinity, NPROC 200, NOFILE 8192, AS 1433600k
load average:0.47 0.35 0.44

CPU:total 4 (1 cores per cpu, 1 threads per core) family 16 model 8 stepping 0, cmov, cx8, fxsr, mmx, sse, sse2, sse3, mmxext, 3dnow, 3dnowext, sse4a

Memory: 4k page, physical 20350620k(1173248k free), swap 1542200k(1542152k free)

vm_info: OpenJDK 64-Bit Server VM (1.6.0-b09) for linux-amd64 JRE (1.6.0-b09), built on Jun  7 2008 08:55:27 by "abuild" with gcc 4.3.1 20080507 (prerelease) [gcc-4_3-branch revision 135036]

time: Sun Dec  4 16:57:52 2011
elapsed time: 0 seconds

